------------------------------------------------------------
Indivíduos gerados inicialmente:
centroides: [[0.23242425, 0.16964401], [-1.00234577, -0.99855091], [1.11694924, 1.17118187]] fitness: 93.78690987477927
centroides: [[[1.8946206833345178, 1.6679236779089375]], [[0.13258121654323118, 0.17782355429809082]], [[1.182076088038186, 1.4678616474852455]]] fitness: 177.72760531530758
centroides: [[[0.032861609811799086, 0.3109993987895865]], [[0.4359376784779341, 1.3100796066349707]], [[1.495044585140545, 0.6005219811048945]]] fitness: 187.61715900869262
centroides: [[[1.5999769156944514, 1.275011773443123]], [[0.42434850508498, 1.4855267586037888]], [[0.26014588890705403, 0.24594981861992204]]] fitness: 187.71896438042006
centroides: [[[0.6122889739223301, 0.5211603038854646]], [[0.010006530271703173, 0.6263674450594983]], [[0.7054759907723545, 1.2317336009657636]]] fitness: 200.2926955857505
centroides: [[[0.5815474323534624, 0.1271464764389385]], [[0.05986066604953422, 0.49454569878488197]], [[1.3354062199168832, 0.3700089430363558]]] fitness: 205.52731437349604
centroides: [[[1.8763125554137525, 0.888303329977405]], [[1.3198322535067322, 1.3418781425722663]], [[0.6231708628539394, 0.19789144697996663]]] fitness: 206.79434135561672
centroides: [[[1.9372061506005664, 0.12499471823116726]], [[0.39492883328384254, 0.5564073417558859]], [[1.0843662812784678, 0.9111959506358751]]] fitness: 210.95606968227133
centroides: [[[0.7342022006642659, 1.7492414793028819]], [[0.5282095291015434, 0.5469916485024366]], [[1.5237831717662278, 0.7778503269154977]]] fitness: 220.59948417906844
centroides: [[[0.5885742888565246, 1.7651850891046548]], [[0.8776113145846833, 0.909687020854024]], [[0.6960407867744804, 0.5350384634381233]]] fitness: 227.71518509890882
centroides: [[[0.9774735732330002, 0.603455377285929]], [[1.3769698221294355, 1.3496309428125204]], [[0.7213605604180144, 0.7248273475892082]]] fitness: 240.84274729759892
centroides: [[[0.8878302284368118, 0.40114759213120177]], [[1.0498797229103911, 1.9973669515583643]], [[1.5634892024294154, 0.5418678640888019]]] fitness: 243.60996480110688
centroides: [[[0.9970810768189142, 1.4628419604761835]], [[0.24902813775187593, 1.0040487074122222]], [[1.174324009900299, 1.6774955006513812]]] fitness: 251.44896639875427
centroides: [[[1.446844833081739, 0.751043112462981]], [[0.9681235368609342, 0.7283692567318727]], [[0.09714833456918348, 1.2705856820729788]]] fitness: 256.60054447445634
centroides: [[[1.724927785255797, 0.3361543570953478]], [[0.026858261008327222, 0.9721067128345069]], [[1.730219703501105, 0.08576893872245805]]] fitness: 264.8678582877975
centroides: [[[1.3222732311050598, 1.6569613496411921]], [[1.5659659119319433, 0.02561269579626635]], [[0.7268601286173182, 1.4130881260754498]]] fitness: 295.2606262783945
centroides: [[[1.8148554796997867, 1.4896663826298335]], [[1.5191024782394011, 0.793346579213815]], [[1.5670897563565267, 0.21440531551912922]]] fitness: 311.68836380249195
centroides: [[[1.6226703557950373, 1.3168450255575894]], [[1.2501015460877196, 1.0148381470336283]], [[1.6116060847768443, 0.6007946443508323]]] fitness: 313.7815258559432
centroides: [[[0.024029911018964123, 1.827036767298726]], [[1.1846013459312073, 1.6225072863109673]], [[1.0108339867736253, 1.5018608223660077]]] fitness: 330.35554379044936
centroides: [[[1.2027422668250367, 1.5798100951462268]], [[1.9821856191261231, 0.41556959518381476]], [[1.4279502617343214, 1.8308754486152807]]] fitness: 360.00539297407124
------------------------------------------------------------
------------------------------------------------------------
Indivíduos selecionados para recombinação:
centroides: [[0.23242425, 0.16964401], [-1.00234577, -0.99855091], [1.11694924, 1.17118187]] fitness: 93.78690987477927
centroides: [[[1.8946206833345178, 1.6679236779089375]], [[0.13258121654323118, 0.17782355429809082]], [[1.182076088038186, 1.4678616474852455]]] fitness: 177.72760531530758
centroides: [[[0.032861609811799086, 0.3109993987895865]], [[0.4359376784779341, 1.3100796066349707]], [[1.495044585140545, 0.6005219811048945]]] fitness: 187.61715900869262
centroides: [[[1.5999769156944514, 1.275011773443123]], [[0.42434850508498, 1.4855267586037888]], [[0.26014588890705403, 0.24594981861992204]]] fitness: 187.71896438042006
centroides: [[[0.6122889739223301, 0.5211603038854646]], [[0.010006530271703173, 0.6263674450594983]], [[0.7054759907723545, 1.2317336009657636]]] fitness: 200.2926955857505
centroides: [[[0.5815474323534624, 0.1271464764389385]], [[0.05986066604953422, 0.49454569878488197]], [[1.3354062199168832, 0.3700089430363558]]] fitness: 205.52731437349604
centroides: [[[1.8763125554137525, 0.888303329977405]], [[1.3198322535067322, 1.3418781425722663]], [[0.6231708628539394, 0.19789144697996663]]] fitness: 206.79434135561672
centroides: [[[1.9372061506005664, 0.12499471823116726]], [[0.39492883328384254, 0.5564073417558859]], [[1.0843662812784678, 0.9111959506358751]]] fitness: 210.95606968227133
centroides: [[[0.7342022006642659, 1.7492414793028819]], [[0.5282095291015434, 0.5469916485024366]], [[1.5237831717662278, 0.7778503269154977]]] fitness: 220.59948417906844
centroides: [[[0.5885742888565246, 1.7651850891046548]], [[0.8776113145846833, 0.909687020854024]], [[0.6960407867744804, 0.5350384634381233]]] fitness: 227.71518509890882
centroides: [[[0.9774735732330002, 0.603455377285929]], [[1.3769698221294355, 1.3496309428125204]], [[0.7213605604180144, 0.7248273475892082]]] fitness: 240.84274729759892
centroides: [[[0.8878302284368118, 0.40114759213120177]], [[1.0498797229103911, 1.9973669515583643]], [[1.5634892024294154, 0.5418678640888019]]] fitness: 243.60996480110688
centroides: [[[0.9970810768189142, 1.4628419604761835]], [[0.24902813775187593, 1.0040487074122222]], [[1.174324009900299, 1.6774955006513812]]] fitness: 251.44896639875427
centroides: [[[1.446844833081739, 0.751043112462981]], [[0.9681235368609342, 0.7283692567318727]], [[0.09714833456918348, 1.2705856820729788]]] fitness: 256.60054447445634
centroides: [[[1.724927785255797, 0.3361543570953478]], [[0.026858261008327222, 0.9721067128345069]], [[1.730219703501105, 0.08576893872245805]]] fitness: 264.8678582877975
centroides: [[[1.3222732311050598, 1.6569613496411921]], [[1.5659659119319433, 0.02561269579626635]], [[0.7268601286173182, 1.4130881260754498]]] fitness: 295.2606262783945
centroides: [[[1.8148554796997867, 1.4896663826298335]], [[1.5191024782394011, 0.793346579213815]], [[1.5670897563565267, 0.21440531551912922]]] fitness: 311.68836380249195
centroides: [[[1.6226703557950373, 1.3168450255575894]], [[1.2501015460877196, 1.0148381470336283]], [[1.6116060847768443, 0.6007946443508323]]] fitness: 313.7815258559432
centroides: [[[0.024029911018964123, 1.827036767298726]], [[1.1846013459312073, 1.6225072863109673]], [[1.0108339867736253, 1.5018608223660077]]] fitness: 330.35554379044936
centroides: [[[1.2027422668250367, 1.5798100951462268]], [[1.9821856191261231, 0.41556959518381476]], [[1.4279502617343214, 1.8308754486152807]]] fitness: 360.00539297407124
------------------------------------------------------------
------------------------------------------------------------
Indivíduos após recombinação:
centroides: [[0.23242425, 0.16964401], [-1.00234577, -0.99855091], [1.11694924, 1.17118187]] fitness: 93.78690987477927
centroides: [[[1.8946206833345178, 1.6679236779089375]], [[-1.00234577, -0.99855091]], [[1.182076088038186, 1.4678616474852455]]] fitness: 143.23954739161493
centroides: [[[0.23242425, 0.16964401]], [[0.13258121654323118, 0.17782355429809082]], [[1.11694924, 1.17118187]]] fitness: 172.35215353777005
centroides: [[[1.8946206833345178, 1.6679236779089375]], [[0.13258121654323118, 0.17782355429809082]], [[1.182076088038186, 1.4678616474852455]]] fitness: 177.72760531530758
centroides: [[[1.5999769156944514, 1.275011773443123]], [[0.4359376784779341, 1.3100796066349707]], [[0.26014588890705403, 0.24594981861992204]]] fitness: 186.02937822260526
centroides: [[[0.032861609811799086, 0.3109993987895865]], [[0.4359376784779341, 1.3100796066349707]], [[1.495044585140545, 0.6005219811048945]]] fitness: 187.61715900869262
centroides: [[[1.5999769156944514, 1.275011773443123]], [[0.42434850508498, 1.4855267586037888]], [[0.26014588890705403, 0.24594981861992204]]] fitness: 187.71896438042006
centroides: [[[0.032861609811799086, 0.3109993987895865]], [[0.42434850508498, 1.4855267586037888]], [[1.495044585140545, 0.6005219811048945]]] fitness: 188.6732830849473
centroides: [[[0.6122889739223301, 0.5211603038854646]], [[0.05986066604953422, 0.49454569878488197]], [[0.7054759907723545, 1.2317336009657636]]] fitness: 191.70745903281318
centroides: [[[0.6122889739223301, 0.5211603038854646]], [[0.010006530271703173, 0.6263674450594983]], [[0.7054759907723545, 1.2317336009657636]]] fitness: 200.2926955857505
centroides: [[[0.5815474323534624, 0.1271464764389385]], [[0.05986066604953422, 0.49454569878488197]], [[1.3354062199168832, 0.3700089430363558]]] fitness: 205.52731437349604
centroides: [[[1.8763125554137525, 0.888303329977405]], [[1.3198322535067322, 1.3418781425722663]], [[0.6231708628539394, 0.19789144697996663]]] fitness: 206.79434135561672
centroides: [[[0.5815474323534624, 0.1271464764389385]], [[0.010006530271703173, 0.6263674450594983]], [[1.3354062199168832, 0.3700089430363558]]] fitness: 209.57107070685652
centroides: [[[1.9372061506005664, 0.12499471823116726]], [[0.39492883328384254, 0.5564073417558859]], [[1.0843662812784678, 0.9111959506358751]]] fitness: 210.95606968227133
centroides: [[[1.8763125554137525, 0.888303329977405]], [[0.39492883328384254, 0.5564073417558859]], [[0.6231708628539394, 0.19789144697996663]]] fitness: 213.37442402299936
centroides: [[[0.7342022006642659, 1.7492414793028819]], [[0.5282095291015434, 0.5469916485024366]], [[1.5237831717662278, 0.7778503269154977]]] fitness: 220.59948417906844
centroides: [[[0.5885742888565246, 1.7651850891046548]], [[0.5282095291015434, 0.5469916485024366]], [[0.6960407867744804, 0.5350384634381233]]] fitness: 225.95722267460445
centroides: [[[0.5885742888565246, 1.7651850891046548]], [[0.8776113145846833, 0.909687020854024]], [[0.6960407867744804, 0.5350384634381233]]] fitness: 227.71518509890882
centroides: [[[0.8878302284368118, 0.40114759213120177]], [[1.3769698221294355, 1.3496309428125204]], [[1.5634892024294154, 0.5418678640888019]]] fitness: 238.6771059048896
centroides: [[[0.9774735732330002, 0.603455377285929]], [[1.3769698221294355, 1.3496309428125204]], [[0.7213605604180144, 0.7248273475892082]]] fitness: 240.84274729759892
centroides: [[[1.3222732311050598, 1.6569613496411921]], [[0.026858261008327222, 0.9721067128345069]], [[0.7268601286173182, 1.4130881260754498]]] fitness: 242.6726287644753
centroides: [[[0.8878302284368118, 0.40114759213120177]], [[1.0498797229103911, 1.9973669515583643]], [[1.5634892024294154, 0.5418678640888019]]] fitness: 243.60996480110688
centroides: [[[0.9774735732330002, 0.603455377285929]], [[1.0498797229103911, 1.9973669515583643]], [[0.7213605604180144, 0.7248273475892082]]] fitness: 245.234029932709
centroides: [[[0.9970810768189142, 1.4628419604761835]], [[0.24902813775187593, 1.0040487074122222]], [[1.174324009900299, 1.6774955006513812]]] fitness: 251.44896639875427
centroides: [[[1.446844833081739, 0.751043112462981]], [[0.24902813775187593, 1.0040487074122222]], [[0.09714833456918348, 1.2705856820729788]]] fitness: 255.05886249401598
centroides: [[[1.446844833081739, 0.751043112462981]], [[0.9681235368609342, 0.7283692567318727]], [[0.09714833456918348, 1.2705856820729788]]] fitness: 256.60054447445634
centroides: [[[0.9970810768189142, 1.4628419604761835]], [[0.9681235368609342, 0.7283692567318727]], [[1.174324009900299, 1.6774955006513812]]] fitness: 262.38919338254703
centroides: [[[1.724927785255797, 0.3361543570953478]], [[0.026858261008327222, 0.9721067128345069]], [[1.730219703501105, 0.08576893872245805]]] fitness: 264.8678582877975
centroides: [[[0.7342022006642659, 1.7492414793028819]], [[0.8776113145846833, 0.909687020854024]], [[1.5237831717662278, 0.7778503269154977]]] fitness: 271.2973804435187
centroides: [[[1.9372061506005664, 0.12499471823116726]], [[1.3198322535067322, 1.3418781425722663]], [[1.0843662812784678, 0.9111959506358751]]] fitness: 288.0508950479825
centroides: [[[1.3222732311050598, 1.6569613496411921]], [[1.5659659119319433, 0.02561269579626635]], [[0.7268601286173182, 1.4130881260754498]]] fitness: 295.2606262783945
centroides: [[[1.8148554796997867, 1.4896663826298335]], [[1.2501015460877196, 1.0148381470336283]], [[1.5670897563565267, 0.21440531551912922]]] fitness: 297.8468401972409
centroides: [[[1.8148554796997867, 1.4896663826298335]], [[1.5191024782394011, 0.793346579213815]], [[1.5670897563565267, 0.21440531551912922]]] fitness: 311.68836380249195
centroides: [[[1.6226703557950373, 1.3168450255575894]], [[1.2501015460877196, 1.0148381470336283]], [[1.6116060847768443, 0.6007946443508323]]] fitness: 313.7815258559432
centroides: [[[0.024029911018964123, 1.827036767298726]], [[1.9821856191261231, 0.41556959518381476]], [[1.0108339867736253, 1.5018608223660077]]] fitness: 328.65157652813326
centroides: [[[0.024029911018964123, 1.827036767298726]], [[1.1846013459312073, 1.6225072863109673]], [[1.0108339867736253, 1.5018608223660077]]] fitness: 330.35554379044936
centroides: [[[1.6226703557950373, 1.3168450255575894]], [[1.5191024782394011, 0.793346579213815]], [[1.6116060847768443, 0.6007946443508323]]] fitness: 331.60886569855404
centroides: [[[1.724927785255797, 0.3361543570953478]], [[1.5659659119319433, 0.02561269579626635]], [[1.730219703501105, 0.08576893872245805]]] fitness: 335.5442625625551
centroides: [[[1.2027422668250367, 1.5798100951462268]], [[1.9821856191261231, 0.41556959518381476]], [[1.4279502617343214, 1.8308754486152807]]] fitness: 360.00539297407124
centroides: [[[1.2027422668250367, 1.5798100951462268]], [[1.1846013459312073, 1.6225072863109673]], [[1.4279502617343214, 1.8308754486152807]]] fitness: 372.34282772527564
------------------------------------------------------------
Mutação a se aplicada em : [[[0.032861609811799086 0.3109993987895865]]

 [[0.42434850508498 1.4855267586037888]]

 [[1.495044585140545 0.6005219811048945]]]
Fitness atual: 188.6732830849473
Mutação após aplicada: [[[-0.3084555769801951 1.0627110439943426]]

 [[0.42434850508498 1.4855267586037888]]

 [[1.495044585140545 0.6005219811048945]]]
Fitness após mutação: 250.92742155922778
Mutação a se aplicada em : [[[1.8148554796997867 1.4896663826298335]]

 [[1.2501015460877196 1.0148381470336283]]

 [[1.5670897563565267 0.21440531551912922]]]
Fitness atual: 297.8468401972409
Mutação após aplicada: [[[1.8148554796997867 1.4896663826298335]]

 [[1.2501015460877196 1.0148381470336283]]

 [[2.3267560474377764 -0.6275905906073054]]]
Fitness após mutação: 313.6954171001522
------------------------------------------------------------
Indivíduos após mutação:
centroides: [[0.23242425, 0.16964401], [-1.00234577, -0.99855091], [1.11694924, 1.17118187]] fitness: 93.78690987477927
centroides: [[[1.8946206833345178, 1.6679236779089375]], [[-1.00234577, -0.99855091]], [[1.182076088038186, 1.4678616474852455]]] fitness: 143.23954739161493
centroides: [[[0.23242425, 0.16964401]], [[0.13258121654323118, 0.17782355429809082]], [[1.11694924, 1.17118187]]] fitness: 172.35215353777005
centroides: [[[1.8946206833345178, 1.6679236779089375]], [[0.13258121654323118, 0.17782355429809082]], [[1.182076088038186, 1.4678616474852455]]] fitness: 177.72760531530758
centroides: [[[1.5999769156944514, 1.275011773443123]], [[0.4359376784779341, 1.3100796066349707]], [[0.26014588890705403, 0.24594981861992204]]] fitness: 186.02937822260526
centroides: [[[0.032861609811799086, 0.3109993987895865]], [[0.4359376784779341, 1.3100796066349707]], [[1.495044585140545, 0.6005219811048945]]] fitness: 187.61715900869262
centroides: [[[1.5999769156944514, 1.275011773443123]], [[0.42434850508498, 1.4855267586037888]], [[0.26014588890705403, 0.24594981861992204]]] fitness: 187.71896438042006
centroides: [[[0.6122889739223301, 0.5211603038854646]], [[0.05986066604953422, 0.49454569878488197]], [[0.7054759907723545, 1.2317336009657636]]] fitness: 191.70745903281318
centroides: [[[0.6122889739223301, 0.5211603038854646]], [[0.010006530271703173, 0.6263674450594983]], [[0.7054759907723545, 1.2317336009657636]]] fitness: 200.2926955857505
centroides: [[[0.5815474323534624, 0.1271464764389385]], [[0.05986066604953422, 0.49454569878488197]], [[1.3354062199168832, 0.3700089430363558]]] fitness: 205.52731437349604
centroides: [[[1.8763125554137525, 0.888303329977405]], [[1.3198322535067322, 1.3418781425722663]], [[0.6231708628539394, 0.19789144697996663]]] fitness: 206.79434135561672
centroides: [[[0.5815474323534624, 0.1271464764389385]], [[0.010006530271703173, 0.6263674450594983]], [[1.3354062199168832, 0.3700089430363558]]] fitness: 209.57107070685652
centroides: [[[1.9372061506005664, 0.12499471823116726]], [[0.39492883328384254, 0.5564073417558859]], [[1.0843662812784678, 0.9111959506358751]]] fitness: 210.95606968227133
centroides: [[[1.8763125554137525, 0.888303329977405]], [[0.39492883328384254, 0.5564073417558859]], [[0.6231708628539394, 0.19789144697996663]]] fitness: 213.37442402299936
centroides: [[[0.7342022006642659, 1.7492414793028819]], [[0.5282095291015434, 0.5469916485024366]], [[1.5237831717662278, 0.7778503269154977]]] fitness: 220.59948417906844
centroides: [[[0.5885742888565246, 1.7651850891046548]], [[0.5282095291015434, 0.5469916485024366]], [[0.6960407867744804, 0.5350384634381233]]] fitness: 225.95722267460445
centroides: [[[0.5885742888565246, 1.7651850891046548]], [[0.8776113145846833, 0.909687020854024]], [[0.6960407867744804, 0.5350384634381233]]] fitness: 227.71518509890882
centroides: [[[0.8878302284368118, 0.40114759213120177]], [[1.3769698221294355, 1.3496309428125204]], [[1.5634892024294154, 0.5418678640888019]]] fitness: 238.6771059048896
centroides: [[[0.9774735732330002, 0.603455377285929]], [[1.3769698221294355, 1.3496309428125204]], [[0.7213605604180144, 0.7248273475892082]]] fitness: 240.84274729759892
centroides: [[[1.3222732311050598, 1.6569613496411921]], [[0.026858261008327222, 0.9721067128345069]], [[0.7268601286173182, 1.4130881260754498]]] fitness: 242.6726287644753
centroides: [[[0.8878302284368118, 0.40114759213120177]], [[1.0498797229103911, 1.9973669515583643]], [[1.5634892024294154, 0.5418678640888019]]] fitness: 243.60996480110688
centroides: [[[0.9774735732330002, 0.603455377285929]], [[1.0498797229103911, 1.9973669515583643]], [[0.7213605604180144, 0.7248273475892082]]] fitness: 245.234029932709
centroides: [[[-0.3084555769801951, 1.0627110439943426]], [[0.42434850508498, 1.4855267586037888]], [[1.495044585140545, 0.6005219811048945]]] fitness: 250.92742155922778
centroides: [[[0.9970810768189142, 1.4628419604761835]], [[0.24902813775187593, 1.0040487074122222]], [[1.174324009900299, 1.6774955006513812]]] fitness: 251.44896639875427
centroides: [[[1.446844833081739, 0.751043112462981]], [[0.24902813775187593, 1.0040487074122222]], [[0.09714833456918348, 1.2705856820729788]]] fitness: 255.05886249401598
centroides: [[[1.446844833081739, 0.751043112462981]], [[0.9681235368609342, 0.7283692567318727]], [[0.09714833456918348, 1.2705856820729788]]] fitness: 256.60054447445634
centroides: [[[0.9970810768189142, 1.4628419604761835]], [[0.9681235368609342, 0.7283692567318727]], [[1.174324009900299, 1.6774955006513812]]] fitness: 262.38919338254703
centroides: [[[1.724927785255797, 0.3361543570953478]], [[0.026858261008327222, 0.9721067128345069]], [[1.730219703501105, 0.08576893872245805]]] fitness: 264.8678582877975
centroides: [[[0.7342022006642659, 1.7492414793028819]], [[0.8776113145846833, 0.909687020854024]], [[1.5237831717662278, 0.7778503269154977]]] fitness: 271.2973804435187
centroides: [[[1.9372061506005664, 0.12499471823116726]], [[1.3198322535067322, 1.3418781425722663]], [[1.0843662812784678, 0.9111959506358751]]] fitness: 288.0508950479825
centroides: [[[1.3222732311050598, 1.6569613496411921]], [[1.5659659119319433, 0.02561269579626635]], [[0.7268601286173182, 1.4130881260754498]]] fitness: 295.2606262783945
centroides: [[[1.8148554796997867, 1.4896663826298335]], [[1.5191024782394011, 0.793346579213815]], [[1.5670897563565267, 0.21440531551912922]]] fitness: 311.68836380249195
centroides: [[[1.8148554796997867, 1.4896663826298335]], [[1.2501015460877196, 1.0148381470336283]], [[2.3267560474377764, -0.6275905906073054]]] fitness: 313.6954171001522
centroides: [[[1.6226703557950373, 1.3168450255575894]], [[1.2501015460877196, 1.0148381470336283]], [[1.6116060847768443, 0.6007946443508323]]] fitness: 313.7815258559432
centroides: [[[0.024029911018964123, 1.827036767298726]], [[1.9821856191261231, 0.41556959518381476]], [[1.0108339867736253, 1.5018608223660077]]] fitness: 328.65157652813326
centroides: [[[0.024029911018964123, 1.827036767298726]], [[1.1846013459312073, 1.6225072863109673]], [[1.0108339867736253, 1.5018608223660077]]] fitness: 330.35554379044936
centroides: [[[1.6226703557950373, 1.3168450255575894]], [[1.5191024782394011, 0.793346579213815]], [[1.6116060847768443, 0.6007946443508323]]] fitness: 331.60886569855404
centroides: [[[1.724927785255797, 0.3361543570953478]], [[1.5659659119319433, 0.02561269579626635]], [[1.730219703501105, 0.08576893872245805]]] fitness: 335.5442625625551
centroides: [[[1.2027422668250367, 1.5798100951462268]], [[1.9821856191261231, 0.41556959518381476]], [[1.4279502617343214, 1.8308754486152807]]] fitness: 360.00539297407124
centroides: [[[1.2027422668250367, 1.5798100951462268]], [[1.1846013459312073, 1.6225072863109673]], [[1.4279502617343214, 1.8308754486152807]]] fitness: 372.34282772527564
------------------------------------------------------------
------------------------------------------------------------
Melhor indivíduo da população:
centroides: [[0.23242425, 0.16964401], [-1.00234577, -0.99855091], [1.11694924, 1.17118187]] fitness: 93.78690987477927
------------------------------------------------------------
